Build started 5/2/2016 4:26:18 PM.
     1>Project "C:\Users\Sam\Documents\My Actual Documents\Whatever You would Know the Project would be Named\ChoiceOfGameCedarville\TextGameCollab\TextGameCollab\TextGameCollab.vcxproj" on node 2 (Build target(s)).
     1>ClCompile:
         C:\Program Files (x86)\Microsoft Visual Studio 14.0\VC\bin\CL.exe /c /ZI /nologo /W3 /WX- /sdl /Od /Oy- /D _MBCS /Gm /EHsc /RTC1 /MDd /GS /fp:precise /Zc:wchar_t /Zc:forScope /Zc:inline /Fo"Debug\\" /Fd"Debug\vc140.pdb" /Gd /TP /analyze- /errorReport:prompt ..\..\src\Library.cpp
         Library.cpp
       Link:
         C:\Program Files (x86)\Microsoft Visual Studio 14.0\VC\bin\link.exe /ERRORREPORT:PROMPT /OUT:"C:\Users\Sam\Documents\My Actual Documents\Whatever You would Know the Project would be Named\ChoiceOfGameCedarville\TextGameCollab\Debug\TextGameCollab.exe" /INCREMENTAL /NOLOGO kernel32.lib user32.lib gdi32.lib winspool.lib comdlg32.lib advapi32.lib shell32.lib ole32.lib oleaut32.lib uuid.lib odbc32.lib odbccp32.lib /MANIFEST /MANIFESTUAC:"level='asInvoker' uiAccess='false'" /manifest:embed /DEBUG:FASTLINK /PDB:"C:\Users\Sam\Documents\My Actual Documents\Whatever You would Know the Project would be Named\ChoiceOfGameCedarville\TextGameCollab\Debug\TextGameCollab.pdb" /TLBID:1 /DYNAMICBASE /NXCOMPAT /IMPLIB:"C:\Users\Sam\Documents\My Actual Documents\Whatever You would Know the Project would be Named\ChoiceOfGameCedarville\TextGameCollab\Debug\TextGameCollab.lib" /MACHINE:X86 Debug\ChoiceQuestion.obj
         Debug\Library.obj
         Debug\main.obj
     1>LINK : fatal error LNK1561: entry point must be defined
     1>Done Building Project "C:\Users\Sam\Documents\My Actual Documents\Whatever You would Know the Project would be Named\ChoiceOfGameCedarville\TextGameCollab\TextGameCollab\TextGameCollab.vcxproj" (Build target(s)) -- FAILED.

Build FAILED.

Time Elapsed 00:00:03.17
